<?xml version="1.0" encoding="UTF-8"?>
<testsuite xmlns:xsi="http://www.w3.org/2001/XMLSchema-instance" xsi:noNamespaceSchemaLocation="https://maven.apache.org/surefire/maven-surefire-plugin/xsd/surefire-test-report-3.0.xsd" version="3.0" name="TestSuite" time="28.132" tests="1" errors="0" skipped="0" failures="0">
  <properties>
[...]
</properties>
  <testcase name="runScenario[&quot;Defacto case study&quot;, &quot;Case Study&quot;](1)" classname="runner.TestRunner" time="27.583">
    <system-out><![CDATA[
Scenario: Defacto case study                                &amp#27;[90m# src/test/resources/features/example.feature:3&amp#27;[0m
  &amp#27;[32mGiven &amp#27;[0m&amp#27;[32mDefacto anasayfasindayim&amp#27;[0m                            &amp#27;[90m# stepdefinitions.HomeSteps.onTheHomePage()&amp#27;[0m
  &amp#27;[32mThen &amp#27;[0m&amp#27;[32mKadÄ±n butonu oldugu kontrol edilir&amp#27;[0m                   &amp#27;[90m# stepdefinitions.HomeSteps.checkedKadinButton()&amp#27;[0m
  &amp#27;[32mWhen &amp#27;[0m&amp#27;[32mKadin secilir&amp#27;[0m                                        &amp#27;[90m# stepdefinitions.HomeSteps.clickedKadinButton()&amp#27;[0m
  &amp#27;[32mAnd &amp#27;[0m&amp#27;[32mGiyim alt kategorisinin Ã¼zerine gelinir&amp#27;[0m               &amp#27;[90m# stepdefinitions.WomanHomeSteps.selectedGiyim()&amp#27;[0m
  &amp#27;[32mThen &amp#27;[0m&amp#27;[32mTÃ¼m alt kategorilerin geldiÄŸi gÃ¶zlemlenir&amp#27;[0m            &amp#27;[90m# stepdefinitions.WomanHomeSteps.checkedAltKatagori()&amp#27;[0m
  &amp#27;[32mWhen &amp#27;[0m&amp#27;[32mAlt kategorilerden â€œTiÅŸÃ¶rtâ€� tÄ±klanÄ±r&amp#27;[0m                 &amp#27;[90m# stepdefinitions.WomanHomeSteps.clickedTisort()&amp#27;[0m
  &amp#27;[32mGiven &amp#27;[0m&amp#27;[32mTiÅŸÃ¶rte ait katalog sayfasÄ±nÄ±n geldiÄŸi gÃ¶rÃ¼lÃ¼r&amp#27;[0m      &amp#27;[90m# stepdefinitions.WomanTshirtSteps.checkedAltKatagoriPage()&amp#27;[0m
  &amp#27;[32mWhen &amp#27;[0m&amp#27;[32mBeden: S seÃ§ilir&amp#27;[0m                                     &amp#27;[90m# stepdefinitions.WomanTshirtSteps.clickedSBeden()&amp#27;[0m
  &amp#27;[32mThen &amp#27;[0m&amp#27;[32mBeden: S seÃ§ildiÄŸi gÃ¶rÃ¼lÃ¼r&amp#27;[0m                           &amp#27;[90m# stepdefinitions.WomanTshirtSteps.checkSelectedSBeden()&amp#27;[0m
  &amp#27;[32mAnd &amp#27;[0m&amp#27;[32mlisteden rasgele bir Ã¼rÃ¼ne tÄ±klanÄ±r&amp#27;[0m                   &amp#27;[90m# stepdefinitions.WomanTshirtSteps.randomSelectedProduct()&amp#27;[0m
Bisiklet Yaka Kısa Kollu Tişört
299,99
TL
  &amp#27;[32mGiven &amp#27;[0m&amp#27;[32mÃœrÃ¼n detay ekranÄ±nÄ±n yÃ¼klendiÄŸinin kontrolÃ¼ yapÄ±lÄ±r&amp#27;[0m &amp#27;[90m# stepdefinitions.ProductDetailSteps.checkedDetailPage()&amp#27;[0m
  &amp#27;[32mWhen &amp#27;[0m&amp#27;[32mRasgele bir beden seÃ§imi yapÄ±lÄ±r&amp#27;[0m                     &amp#27;[90m# stepdefinitions.ProductDetailSteps.selectedBeden()&amp#27;[0m
  &amp#27;[32mAnd &amp#27;[0m&amp#27;[32mSepete Ekle butonuna tÄ±klanÄ±r&amp#27;[0m                         &amp#27;[90m# stepdefinitions.ProductDetailSteps.addedToCart()&amp#27;[0m
  &amp#27;[32mAnd &amp#27;[0m&amp#27;[32mSepetim butonuna tÄ±klanÄ±r&amp#27;[0m                             &amp#27;[90m# stepdefinitions.ProductDetailSteps.clickedCart()&amp#27;[0m
299,99 TL
Bisiklet Yaka Kısa Kollu Tişört
  &amp#27;[32mGiven &amp#27;[0m&amp#27;[32mSepetim ekranÄ±nÄ±n yÃ¼klendiÄŸinin kontrolÃ¼ yapÄ±lÄ±r&amp#27;[0m    &amp#27;[90m# stepdefinitions.CartSteps.checkedCartPage()&amp#27;[0m
  &amp#27;[32mWhen &amp#27;[0m&amp#27;[32mSepetim ekranÄ±nda Sil butonuna tÄ±klanÄ±r&amp#27;[0m              &amp#27;[90m# stepdefinitions.CartSteps.deletedButton()&amp#27;[0m
  &amp#27;[32mThen &amp#27;[0m&amp#27;[32mSepetin boÅŸ olduÄŸu kontrol edilir&amp#27;[0m                    &amp#27;[90m# stepdefinitions.CartSteps.checkedEmptyCart()&amp#27;[0m
]]></system-out>
    <system-err><![CDATA[SLF4J: Failed to load class "org.slf4j.impl.StaticLoggerBinder".
SLF4J: Defaulting to no-operation (NOP) logger implementation
SLF4J: See http://www.slf4j.org/codes.html#StaticLoggerBinder for further details.
]]></system-err>
  </testcase>
</testsuite>