<?xml version="1.0" encoding="UTF-8"?>
<testng-results ignored="0" total="1" passed="1" failed="0" skipped="0">
  <reporter-output>
  </reporter-output>
  <suite started-at="2024-05-24T01:07:34 EET" name="My Test Suite" finished-at="2024-05-24T01:08:01 EET" duration-ms="27760">
    <groups>
      <group name="cucumber">
        <method signature="AbstractTestNGCucumberTests.runScenario(io.cucumber.testng.PickleWrapper,io.cucumber.testng.FeatureWrapper)[pri:0, instance:runner.TestRunner@5386659f]" name="runScenario" class="io.cucumber.testng.AbstractTestNGCucumberTests"/>
      </group> <!-- cucumber -->
    </groups>
    <test started-at="2024-05-24T01:07:34 EET" name="Parallel Test" finished-at="2024-05-24T01:08:01 EET" duration-ms="27760">
      <class name="runner.TestRunner">
        <test-method is-config="true" signature="setUpClass(org.testng.ITestContext)[pri:0, instance:runner.TestRunner@5386659f]" started-at="2024-05-24T01:07:34 EET" name="setUpClass" finished-at="2024-05-24T01:07:34 EET" duration-ms="144" status="PASS">
          <params>
            <param index="0">
              <value>
                <![CDATA[org.testng.TestRunner@13bc8645]]>
              </value>
            </param>
          </params>
          <reporter-output>
          </reporter-output>
        </test-method> <!-- setUpClass -->
        <test-method signature="runScenario(io.cucumber.testng.PickleWrapper,io.cucumber.testng.FeatureWrapper)[pri:0, instance:runner.TestRunner@5386659f]" started-at="2024-05-24T01:07:34 EET" name="runScenario" description="Runs Cucumber Scenarios" data-provider="scenarios" finished-at="2024-05-24T01:08:01 EET" duration-ms="27581" status="PASS">
          <params>
            <param index="0">
              <value>
                <![CDATA["Defacto case study"]]>
              </value>
            </param>
            <param index="1">
              <value>
                <![CDATA["Case Study"]]>
              </value>
            </param>
          </params>
          <reporter-output>
          </reporter-output>
        </test-method> <!-- runScenario -->
        <test-method is-config="true" signature="tearDownClass()[pri:0, instance:runner.TestRunner@5386659f]" started-at="2024-05-24T01:08:01 EET" name="tearDownClass" finished-at="2024-05-24T01:08:01 EET" duration-ms="1" status="PASS">
          <reporter-output>
          </reporter-output>
        </test-method> <!-- tearDownClass -->
      </class> <!-- runner.TestRunner -->
    </test> <!-- Parallel Test -->
  </suite> <!-- My Test Suite -->
</testng-results>
